<?xml version="1.0" encoding="UTF-8"?>
<!-- Generated by org.testng.reporters.JUnitReportReporter -->
<testsuite hostname="Shoba-A" failures="0" tests="16" name="dashboards.SalesReport" time="100.953" errors="0" timestamp="2022-08-18T09:31:31 IST" skipped="0">
  <testcase classname="dashboards.SalesReport" name="signuppage" time="6.179"/>
  <system-out/>
  <testcase classname="dashboards.SalesReport" name="DateRange" time="1.227"/>
  <system-out/>
  <testcase classname="dashboards.SalesReport" name="DateRange" time="1.779"/>
  <system-out/>
  <testcase classname="dashboards.SalesReport" name="DateRange" time="1.185"/>
  <system-out/>
  <testcase classname="dashboards.SalesReport" name="DateRange" time="0.876"/>
  <system-out/>
  <testcase classname="dashboards.SalesReport" name="DateRange" time="1.294"/>
  <system-out/>
  <testcase classname="dashboards.SalesReport" name="Suppliernameplusandminus" time="12.489"/>
  <system-out/>
  <testcase classname="dashboards.SalesReport" name="Suppliernmaecolumn" time="12.607"/>
  <system-out/>
  <testcase classname="dashboards.SalesReport" name="Suppliernmaecolumn" time="11.513"/>
  <system-out/>
  <testcase classname="dashboards.SalesReport" name="ordernocolumn" time="6.739"/>
  <system-out/>
  <testcase classname="dashboards.SalesReport" name="ordernocolumn" time="7.227"/>
  <system-out/>
  <testcase classname="dashboards.SalesReport" name="sort1" time="5.391"/>
  <system-out/>
  <testcase classname="dashboards.SalesReport" name="sort2" time="3.363"/>
  <system-out/>
  <testcase classname="dashboards.SalesReport" name="filter" time="19.800"/>
  <system-out/>
  <testcase classname="dashboards.SalesReport" name="pagenavigation" time="8.801"/>
  <system-out/>
  <testcase classname="dashboards.SalesReport" name="bonusreport" time="0.483"/>
  <system-out/>
</testsuite> <!-- dashboards.SalesReport -->
